mode: set
github.com/pulse/post-service-go/config/database.go:11.32,26.16 9 0
github.com/pulse/post-service-go/config/database.go:26.16,28.3 1 0
github.com/pulse/post-service-go/config/database.go:31.2,31.34 1 0
github.com/pulse/post-service-go/config/database.go:31.34,33.3 1 0
github.com/pulse/post-service-go/config/database.go:36.2,39.16 3 0
github.com/pulse/post-service-go/config/database.go:42.46,43.42 1 0
github.com/pulse/post-service-go/config/database.go:43.42,45.3 1 0
github.com/pulse/post-service-go/config/database.go:46.2,46.21 1 0
github.com/pulse/post-service-go/handlers/post_handler.go:21.91,26.2 1 0
github.com/pulse/post-service-go/handlers/post_handler.go:29.75,32.16 2 0
github.com/pulse/post-service-go/handlers/post_handler.go:32.16,35.3 2 0
github.com/pulse/post-service-go/handlers/post_handler.go:38.2,39.68 2 0
github.com/pulse/post-service-go/handlers/post_handler.go:39.68,41.3 1 0
github.com/pulse/post-service-go/handlers/post_handler.go:44.2,45.16 2 0
github.com/pulse/post-service-go/handlers/post_handler.go:45.16,49.3 3 0
github.com/pulse/post-service-go/handlers/post_handler.go:51.2,51.46 1 0
github.com/pulse/post-service-go/handlers/post_handler.go:55.75,59.9 3 0
github.com/pulse/post-service-go/handlers/post_handler.go:59.9,62.3 2 0
github.com/pulse/post-service-go/handlers/post_handler.go:64.2,65.16 2 0
github.com/pulse/post-service-go/handlers/post_handler.go:65.16,68.3 2 0
github.com/pulse/post-service-go/handlers/post_handler.go:71.2,72.68 2 0
github.com/pulse/post-service-go/handlers/post_handler.go:72.68,74.3 1 0
github.com/pulse/post-service-go/handlers/post_handler.go:77.2,78.16 2 0
github.com/pulse/post-service-go/handlers/post_handler.go:78.16,82.3 3 0
github.com/pulse/post-service-go/handlers/post_handler.go:84.2,84.17 1 0
github.com/pulse/post-service-go/handlers/post_handler.go:84.17,87.3 2 0
github.com/pulse/post-service-go/handlers/post_handler.go:89.2,89.45 1 0
github.com/pulse/post-service-go/handlers/post_handler.go:93.80,97.9 3 0
github.com/pulse/post-service-go/handlers/post_handler.go:97.9,100.3 2 0
github.com/pulse/post-service-go/handlers/post_handler.go:102.2,103.16 2 0
github.com/pulse/post-service-go/handlers/post_handler.go:103.16,106.3 2 0
github.com/pulse/post-service-go/handlers/post_handler.go:109.2,110.16 2 0
github.com/pulse/post-service-go/handlers/post_handler.go:110.16,113.3 2 0
github.com/pulse/post-service-go/handlers/post_handler.go:116.2,117.68 2 0
github.com/pulse/post-service-go/handlers/post_handler.go:117.68,119.3 1 0
github.com/pulse/post-service-go/handlers/post_handler.go:122.2,123.16 2 0
github.com/pulse/post-service-go/handlers/post_handler.go:123.16,127.3 3 0
github.com/pulse/post-service-go/handlers/post_handler.go:129.2,129.46 1 0
github.com/pulse/post-service-go/handlers/post_handler.go:133.74,136.9 2 0
github.com/pulse/post-service-go/handlers/post_handler.go:136.9,139.3 2 0
github.com/pulse/post-service-go/handlers/post_handler.go:142.2,143.61 2 0
github.com/pulse/post-service-go/handlers/post_handler.go:143.61,146.3 2 0
github.com/pulse/post-service-go/handlers/post_handler.go:149.2,149.23 1 0
github.com/pulse/post-service-go/handlers/post_handler.go:149.23,152.3 2 0
github.com/pulse/post-service-go/handlers/post_handler.go:154.2,154.28 1 0
github.com/pulse/post-service-go/handlers/post_handler.go:154.28,157.3 2 0
github.com/pulse/post-service-go/handlers/post_handler.go:160.2,161.16 2 0
github.com/pulse/post-service-go/handlers/post_handler.go:161.16,165.3 3 0
github.com/pulse/post-service-go/handlers/post_handler.go:167.2,167.50 1 0
github.com/pulse/post-service-go/handlers/post_handler.go:171.74,174.9 2 0
github.com/pulse/post-service-go/handlers/post_handler.go:174.9,177.3 2 0
github.com/pulse/post-service-go/handlers/post_handler.go:180.2,182.9 3 0
github.com/pulse/post-service-go/handlers/post_handler.go:182.9,185.3 2 0
github.com/pulse/post-service-go/handlers/post_handler.go:187.2,188.16 2 0
github.com/pulse/post-service-go/handlers/post_handler.go:188.16,191.3 2 0
github.com/pulse/post-service-go/handlers/post_handler.go:194.2,194.65 1 0
github.com/pulse/post-service-go/handlers/post_handler.go:194.65,195.38 1 0
github.com/pulse/post-service-go/handlers/post_handler.go:195.38,198.4 2 0
github.com/pulse/post-service-go/handlers/post_handler.go:199.3,199.74 1 0
github.com/pulse/post-service-go/handlers/post_handler.go:199.74,202.4 2 0
github.com/pulse/post-service-go/handlers/post_handler.go:203.3,205.9 3 0
github.com/pulse/post-service-go/handlers/post_handler.go:208.2,208.37 1 0
github.com/pulse/post-service-go/handlers/post_handler.go:212.72,215.9 2 0
github.com/pulse/post-service-go/handlers/post_handler.go:215.9,218.3 2 0
github.com/pulse/post-service-go/handlers/post_handler.go:221.2,223.9 3 0
github.com/pulse/post-service-go/handlers/post_handler.go:223.9,226.3 2 0
github.com/pulse/post-service-go/handlers/post_handler.go:228.2,229.16 2 0
github.com/pulse/post-service-go/handlers/post_handler.go:229.16,232.3 2 0
github.com/pulse/post-service-go/handlers/post_handler.go:235.2,235.63 1 0
github.com/pulse/post-service-go/handlers/post_handler.go:235.63,236.38 1 0
github.com/pulse/post-service-go/handlers/post_handler.go:236.38,239.4 2 0
github.com/pulse/post-service-go/handlers/post_handler.go:240.3,242.9 3 0
github.com/pulse/post-service-go/handlers/post_handler.go:245.2,245.37 1 0
github.com/pulse/post-service-go/handlers/post_handler.go:249.74,252.9 2 0
github.com/pulse/post-service-go/handlers/post_handler.go:252.9,255.3 2 0
github.com/pulse/post-service-go/handlers/post_handler.go:258.2,260.9 3 0
github.com/pulse/post-service-go/handlers/post_handler.go:260.9,263.3 2 0
github.com/pulse/post-service-go/handlers/post_handler.go:265.2,266.16 2 0
github.com/pulse/post-service-go/handlers/post_handler.go:266.16,269.3 2 0
github.com/pulse/post-service-go/handlers/post_handler.go:272.2,272.65 1 0
github.com/pulse/post-service-go/handlers/post_handler.go:272.65,273.38 1 0
github.com/pulse/post-service-go/handlers/post_handler.go:273.38,276.4 2 0
github.com/pulse/post-service-go/handlers/post_handler.go:277.3,279.9 3 0
github.com/pulse/post-service-go/handlers/post_handler.go:282.2,282.37 1 0
github.com/pulse/post-service-go/handlers/post_handler.go:287.80,294.19 5 0
github.com/pulse/post-service-go/handlers/post_handler.go:294.19,297.29 3 0
github.com/pulse/post-service-go/handlers/post_handler.go:297.29,299.4 1 0
github.com/pulse/post-service-go/handlers/post_handler.go:302.2,302.19 1 0
github.com/pulse/post-service-go/handlers/post_handler.go:302.19,305.43 3 0
github.com/pulse/post-service-go/handlers/post_handler.go:305.43,307.4 1 0
github.com/pulse/post-service-go/handlers/post_handler.go:310.2,310.24 1 0
github.com/pulse/post-service-go/handlers/post_handler.go:313.98,317.2 3 0
github.com/pulse/post-service-go/handlers/post_handler.go:319.103,332.2 4 0
github.com/pulse/post-service-go/models/post.go:83.61,85.2 1 0
github.com/pulse/post-service-go/models/post.go:88.67,90.2 1 0
github.com/pulse/post-service-go/models/post.go:93.61,95.2 1 0
github.com/pulse/post-service-go/models/post.go:98.62,100.2 1 0
github.com/pulse/post-service-go/models/post.go:103.49,105.2 1 0
github.com/pulse/post-service-go/models/post.go:108.50,110.2 1 0
github.com/pulse/post-service-go/middleware/auth.go:20.63,24.2 1 0
github.com/pulse/post-service-go/middleware/auth.go:27.78,28.54 1 0
github.com/pulse/post-service-go/middleware/auth.go:28.54,31.22 2 0
github.com/pulse/post-service-go/middleware/auth.go:31.22,33.4 1 0
github.com/pulse/post-service-go/middleware/auth.go:36.3,37.23 2 0
github.com/pulse/post-service-go/middleware/auth.go:37.23,40.4 2 0
github.com/pulse/post-service-go/middleware/auth.go:43.3,44.47 2 0
github.com/pulse/post-service-go/middleware/auth.go:44.47,46.4 1 0
github.com/pulse/post-service-go/middleware/auth.go:46.9,49.4 2 0
github.com/pulse/post-service-go/middleware/auth.go:52.3,52.115 1 0
github.com/pulse/post-service-go/middleware/auth.go:52.115,54.59 1 0
github.com/pulse/post-service-go/middleware/auth.go:54.59,56.5 1 0
github.com/pulse/post-service-go/middleware/auth.go:57.4,57.33 1 0
github.com/pulse/post-service-go/middleware/auth.go:60.3,60.17 1 0
github.com/pulse/post-service-go/middleware/auth.go:60.17,64.4 3 0
github.com/pulse/post-service-go/middleware/auth.go:67.3,68.26 2 0
github.com/pulse/post-service-go/middleware/auth.go:68.26,71.4 2 0
github.com/pulse/post-service-go/middleware/auth.go:74.3,75.22 2 0
github.com/pulse/post-service-go/middleware/auth.go:75.22,77.4 1 0
github.com/pulse/post-service-go/middleware/auth.go:79.3,80.17 2 0
github.com/pulse/post-service-go/middleware/auth.go:80.17,84.4 3 0
github.com/pulse/post-service-go/middleware/auth.go:87.3,93.23 5 0
github.com/pulse/post-service-go/middleware/auth.go:98.106,111.2 4 0
github.com/pulse/post-service-go/middleware/auth.go:122.79,124.2 1 0
github.com/pulse/post-service-go/middleware/auth.go:126.91,128.2 1 0
github.com/pulse/post-service-go/middleware/auth.go:130.66,133.2 2 0
github.com/pulse/post-service-go/middleware/auth.go:135.78,138.2 2 0
github.com/pulse/post-service-go/main.go:20.13,22.40 1 0
github.com/pulse/post-service-go/main.go:22.40,24.3 1 0
github.com/pulse/post-service-go/main.go:27.2,32.16 4 0
github.com/pulse/post-service-go/main.go:32.16,34.3 1 0
github.com/pulse/post-service-go/main.go:35.2,54.76 10 0
github.com/pulse/post-service-go/main.go:54.76,58.3 3 0
github.com/pulse/post-service-go/main.go:61.2,89.16 13 0
github.com/pulse/post-service-go/main.go:89.16,91.3 1 0
github.com/pulse/post-service-go/main.go:93.2,94.51 2 0
github.com/pulse/post-service-go/service/post_service.go:25.16,32.2 1 0
github.com/pulse/post-service-go/service/post_service.go:35.117,37.16 2 0
github.com/pulse/post-service-go/service/post_service.go:37.16,39.3 1 0
github.com/pulse/post-service-go/service/post_service.go:41.2,42.16 2 0
github.com/pulse/post-service-go/service/post_service.go:42.16,44.3 1 0
github.com/pulse/post-service-go/service/post_service.go:47.2,49.29 3 0
github.com/pulse/post-service-go/service/post_service.go:49.29,50.34 1 0
github.com/pulse/post-service-go/service/post_service.go:50.34,53.4 2 0
github.com/pulse/post-service-go/service/post_service.go:57.2,58.16 2 0
github.com/pulse/post-service-go/service/post_service.go:58.16,60.3 1 0
github.com/pulse/post-service-go/service/post_service.go:63.2,64.29 2 0
github.com/pulse/post-service-go/service/post_service.go:64.29,78.27 2 0
github.com/pulse/post-service-go/service/post_service.go:78.27,80.18 2 0
github.com/pulse/post-service-go/service/post_service.go:80.18,82.5 1 0
github.com/pulse/post-service-go/service/post_service.go:82.10,84.5 1 0
github.com/pulse/post-service-go/service/post_service.go:87.3,87.30 1 0
github.com/pulse/post-service-go/service/post_service.go:90.2,98.8 2 0
github.com/pulse/post-service-go/service/post_service.go:102.105,104.16 2 0
github.com/pulse/post-service-go/service/post_service.go:104.16,106.3 1 0
github.com/pulse/post-service-go/service/post_service.go:108.2,108.17 1 0
github.com/pulse/post-service-go/service/post_service.go:108.17,110.3 1 0
github.com/pulse/post-service-go/service/post_service.go:113.2,114.16 2 0
github.com/pulse/post-service-go/service/post_service.go:114.16,116.3 1 0
github.com/pulse/post-service-go/service/post_service.go:118.2,131.26 2 0
github.com/pulse/post-service-go/service/post_service.go:131.26,133.17 2 0
github.com/pulse/post-service-go/service/post_service.go:133.17,135.4 1 0
github.com/pulse/post-service-go/service/post_service.go:135.9,137.4 1 0
github.com/pulse/post-service-go/service/post_service.go:140.2,140.22 1 0
github.com/pulse/post-service-go/service/post_service.go:144.142,146.16 2 0
github.com/pulse/post-service-go/service/post_service.go:146.16,148.3 1 0
github.com/pulse/post-service-go/service/post_service.go:150.2,151.16 2 0
github.com/pulse/post-service-go/service/post_service.go:151.16,153.3 1 0
github.com/pulse/post-service-go/service/post_service.go:156.2,157.16 2 0
github.com/pulse/post-service-go/service/post_service.go:157.16,159.3 1 0
github.com/pulse/post-service-go/service/post_service.go:162.2,163.29 2 0
github.com/pulse/post-service-go/service/post_service.go:163.29,177.27 2 0
github.com/pulse/post-service-go/service/post_service.go:177.27,179.18 2 0
github.com/pulse/post-service-go/service/post_service.go:179.18,181.5 1 0
github.com/pulse/post-service-go/service/post_service.go:181.10,183.5 1 0
github.com/pulse/post-service-go/service/post_service.go:186.3,186.30 1 0
github.com/pulse/post-service-go/service/post_service.go:189.2,197.8 2 0
github.com/pulse/post-service-go/service/post_service.go:201.115,203.28 1 0
github.com/pulse/post-service-go/service/post_service.go:203.28,205.3 1 0
github.com/pulse/post-service-go/service/post_service.go:207.2,215.52 2 0
github.com/pulse/post-service-go/service/post_service.go:215.52,217.3 1 0
github.com/pulse/post-service-go/service/post_service.go:220.2,221.16 2 0
github.com/pulse/post-service-go/service/post_service.go:221.16,223.3 1 0
github.com/pulse/post-service-go/service/post_service.go:225.2,238.22 2 0
github.com/pulse/post-service-go/service/post_service.go:242.72,245.16 2 0
github.com/pulse/post-service-go/service/post_service.go:245.16,247.3 1 0
github.com/pulse/post-service-go/service/post_service.go:249.2,249.17 1 0
github.com/pulse/post-service-go/service/post_service.go:249.17,251.3 1 0
github.com/pulse/post-service-go/service/post_service.go:254.2,254.29 1 0
github.com/pulse/post-service-go/service/post_service.go:254.29,256.3 1 0
github.com/pulse/post-service-go/service/post_service.go:258.2,258.50 1 0
github.com/pulse/post-service-go/service/post_service.go:258.50,260.3 1 0
github.com/pulse/post-service-go/service/post_service.go:262.2,262.12 1 0
github.com/pulse/post-service-go/service/post_service.go:266.64,269.16 2 0
github.com/pulse/post-service-go/service/post_service.go:269.16,271.3 1 0
github.com/pulse/post-service-go/service/post_service.go:273.2,273.17 1 0
github.com/pulse/post-service-go/service/post_service.go:273.17,275.3 1 0
github.com/pulse/post-service-go/service/post_service.go:277.2,277.64 1 0
github.com/pulse/post-service-go/service/post_service.go:277.64,279.3 1 0
github.com/pulse/post-service-go/service/post_service.go:281.2,281.12 1 0
github.com/pulse/post-service-go/service/post_service.go:285.66,286.66 1 0
github.com/pulse/post-service-go/service/post_service.go:286.66,288.3 1 0
github.com/pulse/post-service-go/service/post_service.go:290.2,290.12 1 0
github.com/pulse/post-service-go/service/user_service.go:18.104,23.2 1 0
github.com/pulse/post-service-go/service/user_service.go:26.76,28.16 2 0
github.com/pulse/post-service-go/service/user_service.go:28.16,30.3 1 0
github.com/pulse/post-service-go/service/user_service.go:33.2,33.17 1 0
github.com/pulse/post-service-go/service/user_service.go:33.17,46.73 3 0
github.com/pulse/post-service-go/service/user_service.go:46.73,48.4 1 0
github.com/pulse/post-service-go/service/user_service.go:50.3,50.26 1 0
github.com/pulse/post-service-go/service/user_service.go:53.2,53.18 1 0
github.com/pulse/post-service-go/service/user_service.go:57.95,59.16 2 0
github.com/pulse/post-service-go/service/user_service.go:59.16,61.3 1 0
github.com/pulse/post-service-go/service/user_service.go:64.2,64.25 1 0
github.com/pulse/post-service-go/service/user_service.go:64.25,65.38 1 0
github.com/pulse/post-service-go/service/user_service.go:65.38,76.74 3 0
github.com/pulse/post-service-go/service/user_service.go:76.74,78.5 1 0
github.com/pulse/post-service-go/service/user_service.go:80.4,80.27 1 0
github.com/pulse/post-service-go/service/user_service.go:84.2,84.19 1 0
github.com/pulse/post-service-go/service/user_service.go:89.92,97.2 2 0
github.com/pulse/post-service-go/repository/post_like_repository.go:17.83,22.2 1 0
github.com/pulse/post-service-go/repository/post_like_repository.go:25.71,33.16 3 0
github.com/pulse/post-service-go/repository/post_like_repository.go:33.16,35.3 1 0
github.com/pulse/post-service-go/repository/post_like_repository.go:37.2,37.12 1 0
github.com/pulse/post-service-go/repository/post_like_repository.go:41.73,45.16 3 0
github.com/pulse/post-service-go/repository/post_like_repository.go:45.16,47.3 1 0
github.com/pulse/post-service-go/repository/post_like_repository.go:49.2,50.16 2 0
github.com/pulse/post-service-go/repository/post_like_repository.go:50.16,52.3 1 0
github.com/pulse/post-service-go/repository/post_like_repository.go:54.2,54.23 1 0
github.com/pulse/post-service-go/repository/post_like_repository.go:54.23,56.3 1 0
github.com/pulse/post-service-go/repository/post_like_repository.go:58.2,58.12 1 0
github.com/pulse/post-service-go/repository/post_like_repository.go:62.88,72.16 4 0
github.com/pulse/post-service-go/repository/post_like_repository.go:72.16,74.3 1 0
github.com/pulse/post-service-go/repository/post_like_repository.go:76.2,76.20 1 0
github.com/pulse/post-service-go/repository/post_like_repository.go:80.90,89.16 3 0
github.com/pulse/post-service-go/repository/post_like_repository.go:89.16,91.3 1 0
github.com/pulse/post-service-go/repository/post_like_repository.go:92.2,95.18 3 0
github.com/pulse/post-service-go/repository/post_like_repository.go:95.18,98.17 3 0
github.com/pulse/post-service-go/repository/post_like_repository.go:98.17,100.4 1 0
github.com/pulse/post-service-go/repository/post_like_repository.go:101.3,101.30 1 0
github.com/pulse/post-service-go/repository/post_like_repository.go:104.2,104.19 1 0
github.com/pulse/post-service-go/repository/post_repository.go:18.75,23.2 1 0
github.com/pulse/post-service-go/repository/post_repository.go:26.77,36.16 4 0
github.com/pulse/post-service-go/repository/post_repository.go:36.16,38.3 1 0
github.com/pulse/post-service-go/repository/post_repository.go:39.2,42.18 3 0
github.com/pulse/post-service-go/repository/post_repository.go:42.18,48.17 3 0
github.com/pulse/post-service-go/repository/post_repository.go:48.17,50.4 1 0
github.com/pulse/post-service-go/repository/post_repository.go:51.3,51.30 1 0
github.com/pulse/post-service-go/repository/post_repository.go:54.2,54.19 1 0
github.com/pulse/post-service-go/repository/post_repository.go:58.74,71.26 4 0
github.com/pulse/post-service-go/repository/post_repository.go:71.26,73.3 1 0
github.com/pulse/post-service-go/repository/post_repository.go:74.2,74.16 1 0
github.com/pulse/post-service-go/repository/post_repository.go:74.16,76.3 1 0
github.com/pulse/post-service-go/repository/post_repository.go:78.2,78.19 1 0
github.com/pulse/post-service-go/repository/post_repository.go:82.102,93.16 4 0
github.com/pulse/post-service-go/repository/post_repository.go:93.16,95.3 1 0
github.com/pulse/post-service-go/repository/post_repository.go:96.2,99.18 3 0
github.com/pulse/post-service-go/repository/post_repository.go:99.18,105.17 3 0
github.com/pulse/post-service-go/repository/post_repository.go:105.17,107.4 1 0
github.com/pulse/post-service-go/repository/post_repository.go:108.3,108.30 1 0
github.com/pulse/post-service-go/repository/post_repository.go:111.2,111.19 1 0
github.com/pulse/post-service-go/repository/post_repository.go:115.62,130.16 6 0
github.com/pulse/post-service-go/repository/post_repository.go:130.16,132.3 1 0
github.com/pulse/post-service-go/repository/post_repository.go:134.2,134.12 1 0
github.com/pulse/post-service-go/repository/post_repository.go:138.57,142.16 3 0
github.com/pulse/post-service-go/repository/post_repository.go:142.16,144.3 1 0
github.com/pulse/post-service-go/repository/post_repository.go:146.2,147.16 2 0
github.com/pulse/post-service-go/repository/post_repository.go:147.16,149.3 1 0
github.com/pulse/post-service-go/repository/post_repository.go:151.2,151.23 1 0
github.com/pulse/post-service-go/repository/post_repository.go:151.23,153.3 1 0
github.com/pulse/post-service-go/repository/post_repository.go:155.2,155.12 1 0
github.com/pulse/post-service-go/repository/post_repository.go:159.60,164.16 4 0
github.com/pulse/post-service-go/repository/post_repository.go:164.16,166.3 1 0
github.com/pulse/post-service-go/repository/post_repository.go:168.2,168.19 1 0
github.com/pulse/post-service-go/repository/post_repository.go:172.81,177.16 4 0
github.com/pulse/post-service-go/repository/post_repository.go:177.16,179.3 1 0
github.com/pulse/post-service-go/repository/post_repository.go:181.2,181.19 1 0
github.com/pulse/post-service-go/repository/user_cache_repository.go:18.85,23.2 1 0
github.com/pulse/post-service-go/repository/user_cache_repository.go:26.84,39.26 4 0
github.com/pulse/post-service-go/repository/user_cache_repository.go:39.26,41.3 1 0
github.com/pulse/post-service-go/repository/user_cache_repository.go:42.2,42.16 1 0
github.com/pulse/post-service-go/repository/user_cache_repository.go:42.16,44.3 1 0
github.com/pulse/post-service-go/repository/user_cache_repository.go:46.2,46.19 1 0
github.com/pulse/post-service-go/repository/user_cache_repository.go:50.103,51.19 1 0
github.com/pulse/post-service-go/repository/user_cache_repository.go:51.19,53.3 1 0
github.com/pulse/post-service-go/repository/user_cache_repository.go:56.2,64.16 3 0
github.com/pulse/post-service-go/repository/user_cache_repository.go:64.16,66.3 1 0
github.com/pulse/post-service-go/repository/user_cache_repository.go:67.2,70.18 3 0
github.com/pulse/post-service-go/repository/user_cache_repository.go:70.18,76.17 3 0
github.com/pulse/post-service-go/repository/user_cache_repository.go:76.17,78.4 1 0
github.com/pulse/post-service-go/repository/user_cache_repository.go:79.3,79.25 1 0
github.com/pulse/post-service-go/repository/user_cache_repository.go:82.2,82.19 1 0
github.com/pulse/post-service-go/repository/user_cache_repository.go:86.80,102.16 3 0
github.com/pulse/post-service-go/repository/user_cache_repository.go:102.16,104.3 1 0
github.com/pulse/post-service-go/repository/user_cache_repository.go:106.2,106.12 1 0
github.com/pulse/post-service-go/repository/user_cache_repository.go:110.62,114.16 3 0
github.com/pulse/post-service-go/repository/user_cache_repository.go:114.16,116.3 1 0
github.com/pulse/post-service-go/repository/user_cache_repository.go:118.2,118.12 1 0
